2025-07-16 01:11:38,457 - etl_pipeline - INFO - Iniciando ETL Master
2025-07-16 01:11:39,346 - etl_pipeline - INFO - Extrayendo datos... dim_cliente
2025-07-16 01:11:39,590 - etl_pipeline - INFO - Cargando a staging ... dim_cliente
2025-07-16 01:11:39,736 - etl_pipeline - INFO - Staging stg_dim_cliente completado (27 filas)
2025-07-16 01:11:39,737 - etl_pipeline - INFO - Transformando... dim_cliente
2025-07-16 01:11:39,742 - etl_pipeline - INFO - Transformación completada (27 filas)
2025-07-16 01:11:39,743 - etl_pipeline - INFO - Cargando a destino... dim_cliente
2025-07-16 01:11:39,894 - etl_pipeline - INFO - Carga exitosa. Total registros: 27
2025-07-16 01:11:39,895 - etl_pipeline - INFO - ETL completado. Filas cargadas: 27 en dim_cliente
2025-07-16 01:11:39,899 - etl_pipeline - INFO - SUCCESS DIM_CLIENTE
2025-07-16 01:11:40,035 - etl_pipeline - INFO - Extrayendo datos... dim_mensajero
2025-07-16 01:11:40,125 - etl_pipeline - INFO - Extraídos 50 registros de mensajeros
2025-07-16 01:11:40,146 - etl_pipeline - INFO - Cargando a staging ... dim_mensajero
2025-07-16 01:11:40,254 - etl_pipeline - INFO - Staging stg_dim_mensajero completado (50 filas)
2025-07-16 01:11:40,255 - etl_pipeline - INFO - Transformando... dim_mensajero
2025-07-16 01:11:40,261 - etl_pipeline - INFO - Transformación completada (50 filas)
2025-07-16 01:11:40,262 - etl_pipeline - INFO - Cargando a destino... dim_mensajero
2025-07-16 01:11:40,380 - etl_pipeline - INFO - Carga exitosa. Total registros: 50
2025-07-16 01:11:40,380 - etl_pipeline - INFO - ETL completado. Filas cargadas: 50 en dim_mensajero
2025-07-16 01:11:40,383 - etl_pipeline - INFO - SUCCESS DIM_MENSAJERO
2025-07-16 01:11:40,522 - etl_pipeline - INFO - Extrayendo datos... dim_novedad
2025-07-16 01:11:40,635 - etl_pipeline - INFO - Cargando a staging ... dim_novedad
2025-07-16 01:11:40,726 - etl_pipeline - INFO - Staging stg_dim_novedad completado (2 filas)
2025-07-16 01:11:40,726 - etl_pipeline - INFO - Transformando... dim_novedad
2025-07-16 01:11:40,729 - etl_pipeline - INFO - Transformación completada (2 filas)
2025-07-16 01:11:40,730 - etl_pipeline - INFO - Cargando a destino... dim_novedad
2025-07-16 01:11:40,832 - etl_pipeline - INFO - Carga exitosa. Total registros: 2
2025-07-16 01:11:40,833 - etl_pipeline - INFO - ETL completado. Filas cargadas: 2 en dim_novedad
2025-07-16 01:11:40,837 - etl_pipeline - INFO - SUCCESS DIM_NOVEDAD
2025-07-16 01:11:40,989 - etl_pipeline - INFO - Extrayendo datos... dim_estado_servicio
2025-07-16 01:11:41,151 - etl_pipeline - INFO - Cargando a staging ... dim_estado_servicio
2025-07-16 01:11:41,283 - etl_pipeline - INFO - Staging stg_dim_estado_servicio completado (6 filas)
2025-07-16 01:11:41,284 - etl_pipeline - INFO - Transformando... dim_estado_servicio
2025-07-16 01:11:41,290 - etl_pipeline - INFO - Transformación completada (6 filas)
2025-07-16 01:11:41,290 - etl_pipeline - INFO - Cargando a destino... dim_estado_servicio
2025-07-16 01:11:41,436 - etl_pipeline - INFO - Carga exitosa. Total registros: 6
2025-07-16 01:11:41,437 - etl_pipeline - INFO - ETL completado. Filas cargadas: 6 en dim_estado_servicio
2025-07-16 01:11:41,441 - etl_pipeline - INFO - SUCCESS DIM_ESTADO_SERVICIO
2025-07-16 01:11:41,614 - etl_pipeline - INFO - Extrayendo datos... dim_tipo_servicio
2025-07-16 01:11:41,742 - etl_pipeline - INFO - Cargando a staging ... dim_tipo_servicio
2025-07-16 01:11:41,919 - etl_pipeline - INFO - Staging stg_dim_tipo_servicio completado (4 filas)
2025-07-16 01:11:41,920 - etl_pipeline - INFO - Transformando... dim_tipo_servicio
2025-07-16 01:11:41,924 - etl_pipeline - INFO - Transformación completada (4 filas)
2025-07-16 01:11:41,925 - etl_pipeline - INFO - Cargando a destino... dim_tipo_servicio
2025-07-16 01:11:42,058 - etl_pipeline - INFO - Carga exitosa. Total registros: 4
2025-07-16 01:11:42,059 - etl_pipeline - INFO - ETL completado. Filas cargadas: 4 en dim_tipo_servicio
2025-07-16 01:11:42,063 - etl_pipeline - INFO - SUCCESS DIM_TIPO_SERVICIO
2025-07-16 01:11:42,234 - etl_pipeline - INFO - Extrayendo datos... dim_sede
2025-07-16 01:11:42,493 - etl_pipeline - INFO - Cargando a staging ... dim_sede
2025-07-16 01:11:42,635 - etl_pipeline - INFO - Staging stg_dim_sede completado (52 filas)
2025-07-16 01:11:42,636 - etl_pipeline - INFO - Transformando... dim_sede
2025-07-16 01:11:42,641 - etl_pipeline - INFO - Transformación completada (52 filas)
2025-07-16 01:11:42,641 - etl_pipeline - INFO - Cargando a destino... dim_sede
2025-07-16 01:11:42,774 - etl_pipeline - INFO - Carga exitosa. Total registros: 52
2025-07-16 01:11:42,775 - etl_pipeline - INFO - ETL completado. Filas cargadas: 52 en dim_sede
2025-07-16 01:11:42,780 - etl_pipeline - INFO - SUCCESS DIM_SEDE
2025-07-16 01:11:43,007 - etl_pipeline - INFO - Extrayendo datos... dim_fecha
2025-07-16 01:11:43,251 - etl_pipeline - INFO - Extracción de fechas completada: 731 registros generados.
2025-07-16 01:11:43,285 - etl_pipeline - INFO - Cargando a staging ... dim_fecha
2025-07-16 01:11:43,491 - etl_pipeline - INFO - Staging stg_dim_fecha completado (731 filas)
2025-07-16 01:11:43,491 - etl_pipeline - INFO - Transformando... dim_fecha
2025-07-16 01:11:43,501 - etl_pipeline - INFO - Transformación completada (731 filas)
2025-07-16 01:11:43,502 - etl_pipeline - INFO - Cargando a destino... dim_fecha
2025-07-16 01:11:43,776 - etl_pipeline - INFO - Carga exitosa. Total registros: 731
2025-07-16 01:11:43,776 - etl_pipeline - INFO - ETL completado. Filas cargadas: 731 en dim_fecha
2025-07-16 01:11:43,780 - etl_pipeline - INFO - SUCCESS DIM_FECHA
2025-07-16 01:11:44,021 - etl_pipeline - INFO - Extrayendo datos... dim_hora
2025-07-16 01:11:44,025 - etl_pipeline - INFO - Extracción de dim_hora completada: 1440 registros generados.
2025-07-16 01:11:44,063 - etl_pipeline - INFO - Cargando a staging ... dim_hora
2025-07-16 01:11:44,278 - etl_pipeline - INFO - Staging stg_dim_hora completado (1440 filas)
2025-07-16 01:11:44,278 - etl_pipeline - INFO - Transformando... dim_hora
2025-07-16 01:11:44,291 - etl_pipeline - INFO - Transformación de dim_hora completada (1440 filas)
2025-07-16 01:11:44,294 - etl_pipeline - INFO - Cargando a destino... dim_hora
2025-07-16 01:11:44,485 - etl_pipeline - INFO - Carga de dim_hora exitosa. Total registros: 1440
2025-07-16 01:11:44,486 - etl_pipeline - INFO - ETL completado. Filas cargadas: 1440 en dim_hora
2025-07-16 01:11:44,491 - etl_pipeline - INFO - SUCCESS DIM_HORA
2025-07-16 01:11:44,701 - etl_pipeline - INFO - Extrayendo datos... fact_servicio
2025-07-16 01:11:45,807 - etl_pipeline - INFO - Cargando a staging ... fact_servicio
2025-07-16 01:11:55,577 - etl_pipeline - INFO - Staging STAGING.stg_fact_servicio completado (26873 filas)
2025-07-16 01:12:04,342 - etl_pipeline - INFO - Staging TARGET.TEMP stg_fact_servicio completado (26873 filas)
2025-07-16 01:12:04,343 - etl_pipeline - INFO - Transformando... fact_servicio
2025-07-16 01:12:05,035 - etl_pipeline - INFO - Transformación completada: 26873 filas
2025-07-16 01:12:05,036 - etl_pipeline - INFO - Cargando a destino... fact_servicio
2025-07-16 01:12:09,712 - etl_pipeline - INFO - Carga completada: 26873 registros en fact_servicio
2025-07-16 01:12:09,713 - etl_pipeline - INFO - ETL completado. Filas cargadas: 26873 en fact_servicio
2025-07-16 01:12:09,728 - etl_pipeline - INFO - SUCCESS FACT_SERVICIO
2025-07-16 01:12:09,904 - etl_pipeline - INFO - Extrayendo datos... fact_estado_servicio_transaccional
2025-07-16 01:12:10,538 - etl_pipeline - INFO - Cargando a staging ... fact_estado_servicio_transaccional
2025-07-16 01:12:19,945 - etl_pipeline - INFO - Staging STAGING.stg_fact_estado_servicio_transaccional completado (112601 filas)
2025-07-16 01:12:29,243 - etl_pipeline - INFO - Staging TARGET.TEMP stg_fact_estado_servicio_transaccional completado (112601 filas)
2025-07-16 01:12:29,244 - etl_pipeline - INFO - Transformando... fact_estado_servicio_transaccional
2025-07-16 01:12:30,050 - etl_pipeline - INFO - Transformación completada: 110255 filas
2025-07-16 01:12:30,051 - etl_pipeline - INFO - Cargando a destino... fact_estado_servicio_transaccional
2025-07-16 01:12:35,799 - etl_pipeline - INFO - Carga completada: 110255 registros en fact_estado_servicio_transaccional
2025-07-16 01:12:35,800 - etl_pipeline - INFO - ETL completado. Filas cargadas: 110255 en fact_estado_servicio_transaccional
2025-07-16 01:12:35,812 - etl_pipeline - INFO - SUCCESS FACT_ESTADO_SERVICIO_TRANSACCIONAL
2025-07-16 01:12:35,994 - etl_pipeline - INFO - Extrayendo datos... fact_novedad_servicio_transaccional
2025-07-16 01:12:36,161 - etl_pipeline - INFO - Cargando a staging ... fact_novedad_servicio_transaccional
2025-07-16 01:12:36,284 - etl_pipeline - INFO - Staging STAGING.stg_fact_novedad_servicio_transaccional completado (8 filas)
2025-07-16 01:12:36,500 - etl_pipeline - INFO - Staging TARGET.TEMP stg_fact_novedad_servicio_transaccional completado (8 filas)
2025-07-16 01:12:36,501 - etl_pipeline - INFO - Transformando... fact_novedad_servicio_transaccional
2025-07-16 01:12:36,516 - etl_pipeline - INFO - Transformación completada: 7 filas
2025-07-16 01:12:36,517 - etl_pipeline - INFO - Cargando a destino... fact_novedad_servicio_transaccional
2025-07-16 01:12:36,565 - etl_pipeline - INFO - Carga completada: 7 registros en fact_novedad_servicio_transaccional
2025-07-16 01:12:36,566 - etl_pipeline - INFO - ETL completado. Filas cargadas: 7 en fact_novedad_servicio_transaccional
2025-07-16 01:12:36,569 - etl_pipeline - INFO - SUCCESS FACT_NOVEDAD_SERVICIO_TRANSACCIONAL
2025-07-16 01:12:36,570 - etl_pipeline - INFO - Resumen de ejecución:
2025-07-16 01:12:36,570 - etl_pipeline - INFO -   - DIM_CLIENTE    : ÉXITO
2025-07-16 01:12:36,571 - etl_pipeline - INFO -   - DIM_MENSAJERO  : ÉXITO
2025-07-16 01:12:36,571 - etl_pipeline - INFO -   - DIM_NOVEDAD    : ÉXITO
2025-07-16 01:12:36,572 - etl_pipeline - INFO -   - DIM_ESTADO_SERVICIO: ÉXITO
2025-07-16 01:12:36,572 - etl_pipeline - INFO -   - DIM_TIPO_SERVICIO: ÉXITO
2025-07-16 01:12:36,572 - etl_pipeline - INFO -   - DIM_SEDE       : ÉXITO
2025-07-16 01:12:36,573 - etl_pipeline - INFO -   - DIM_FECHA      : ÉXITO
2025-07-16 01:12:36,573 - etl_pipeline - INFO -   - DIM_HORA       : ÉXITO
2025-07-16 01:12:36,574 - etl_pipeline - INFO -   - FACT_SERVICIO  : ÉXITO
2025-07-16 01:12:36,574 - etl_pipeline - INFO -   - FACT_ESTADO_SERVICIO_TRANSACCIONAL: ÉXITO
2025-07-16 01:12:36,574 - etl_pipeline - INFO -   - FACT_NOVEDAD_SERVICIO_TRANSACCIONAL: ÉXITO
2025-07-16 01:12:36,575 - etl_pipeline - INFO - ¡Todos los pipelines completados con éxito!
