2025-07-10 01:36:52,691 - etl_pipeline - INFO - Iniciando ETL Master
2025-07-10 01:36:56,121 - etl_pipeline - INFO - Extrayendo datos... dim_cliente
2025-07-10 01:36:56,501 - etl_pipeline - INFO - Cargando a staging ... dim_cliente
2025-07-10 01:36:56,564 - etl_pipeline - INFO - Staging stg_dim_cliente completado (27 filas)
2025-07-10 01:36:56,565 - etl_pipeline - INFO - Transformando... dim_cliente
2025-07-10 01:36:56,568 - etl_pipeline - INFO - Transformación completada (27 filas)
2025-07-10 01:36:56,569 - etl_pipeline - INFO - Cargando a destino... dim_cliente
2025-07-10 01:36:56,610 - etl_pipeline - INFO - Carga exitosa. Total registros: 27
2025-07-10 01:36:56,610 - etl_pipeline - INFO - ETL completado. Filas cargadas: 27 en dim_cliente
2025-07-10 01:36:56,611 - etl_pipeline - INFO - SUCCESS DIM_CLIENTE
2025-07-10 01:36:56,614 - etl_pipeline - INFO - Extrayendo datos... dim_mensajero
2025-07-10 01:36:56,656 - etl_pipeline - INFO - Extraídos 50 registros de mensajeros
2025-07-10 01:36:56,658 - etl_pipeline - INFO - Cargando a staging ... dim_mensajero
2025-07-10 01:36:56,702 - etl_pipeline - INFO - Staging stg_dim_mensajero completado (50 filas)
2025-07-10 01:36:56,703 - etl_pipeline - INFO - Transformando... dim_mensajero
2025-07-10 01:36:56,704 - etl_pipeline - INFO - Transformación completada (50 filas)
2025-07-10 01:36:56,705 - etl_pipeline - INFO - Cargando a destino... dim_mensajero
2025-07-10 01:36:56,726 - etl_pipeline - INFO - Carga exitosa. Total registros: 50
2025-07-10 01:36:56,726 - etl_pipeline - INFO - ETL completado. Filas cargadas: 50 en dim_mensajero
2025-07-10 01:36:56,727 - etl_pipeline - INFO - SUCCESS DIM_MENSAJERO
2025-07-10 01:36:56,731 - etl_pipeline - INFO - Extrayendo datos... dim_novedad
2025-07-10 01:36:56,770 - etl_pipeline - INFO - Cargando a staging ... dim_novedad
2025-07-10 01:36:56,807 - etl_pipeline - INFO - Staging stg_dim_novedad completado (2 filas)
2025-07-10 01:36:56,807 - etl_pipeline - INFO - Transformando... dim_novedad
2025-07-10 01:36:56,808 - etl_pipeline - INFO - Transformación completada (2 filas)
2025-07-10 01:36:56,808 - etl_pipeline - INFO - Cargando a destino... dim_novedad
2025-07-10 01:36:56,821 - etl_pipeline - INFO - Carga exitosa. Total registros: 2
2025-07-10 01:36:56,822 - etl_pipeline - INFO - ETL completado. Filas cargadas: 2 en dim_novedad
2025-07-10 01:36:56,822 - etl_pipeline - INFO - SUCCESS DIM_NOVEDAD
2025-07-10 01:36:56,827 - etl_pipeline - INFO - Extrayendo datos... dim_estado_servicio
2025-07-10 01:36:56,871 - etl_pipeline - INFO - Cargando a staging ... dim_estado_servicio
2025-07-10 01:36:56,905 - etl_pipeline - INFO - Staging stg_dim_estado_servicio completado (6 filas)
2025-07-10 01:36:56,906 - etl_pipeline - INFO - Transformando... dim_estado_servicio
2025-07-10 01:36:56,908 - etl_pipeline - INFO - Transformación completada (6 filas)
2025-07-10 01:36:56,909 - etl_pipeline - INFO - Cargando a destino... dim_estado_servicio
2025-07-10 01:36:56,925 - etl_pipeline - INFO - Carga exitosa. Total registros: 6
2025-07-10 01:36:56,925 - etl_pipeline - INFO - ETL completado. Filas cargadas: 6 en dim_estado_servicio
2025-07-10 01:36:56,926 - etl_pipeline - INFO - SUCCESS DIM_ESTADO_SERVICIO
2025-07-10 01:36:56,939 - etl_pipeline - INFO - Extrayendo datos... dim_tipo_servicio
2025-07-10 01:36:56,975 - etl_pipeline - INFO - Cargando a staging ... dim_tipo_servicio
2025-07-10 01:36:57,011 - etl_pipeline - INFO - Staging stg_dim_tipo_servicio completado (4 filas)
2025-07-10 01:36:57,011 - etl_pipeline - INFO - Transformando... dim_tipo_servicio
2025-07-10 01:36:57,012 - etl_pipeline - INFO - Transformación completada (4 filas)
2025-07-10 01:36:57,012 - etl_pipeline - INFO - Cargando a destino... dim_tipo_servicio
2025-07-10 01:36:57,028 - etl_pipeline - INFO - Carga exitosa. Total registros: 4
2025-07-10 01:36:57,029 - etl_pipeline - INFO - ETL completado. Filas cargadas: 4 en dim_tipo_servicio
2025-07-10 01:36:57,029 - etl_pipeline - INFO - SUCCESS DIM_TIPO_SERVICIO
2025-07-10 01:36:57,032 - etl_pipeline - INFO - Extrayendo datos... dim_sede
2025-07-10 01:36:57,074 - etl_pipeline - INFO - Cargando a staging ... dim_sede
2025-07-10 01:36:57,118 - etl_pipeline - INFO - Staging stg_dim_sede completado (52 filas)
2025-07-10 01:36:57,119 - etl_pipeline - INFO - Transformando... dim_sede
2025-07-10 01:36:57,120 - etl_pipeline - INFO - Transformación completada (52 filas)
2025-07-10 01:36:57,120 - etl_pipeline - INFO - Cargando a destino... dim_sede
2025-07-10 01:36:57,140 - etl_pipeline - INFO - Carga exitosa. Total registros: 52
2025-07-10 01:36:57,140 - etl_pipeline - INFO - ETL completado. Filas cargadas: 52 en dim_sede
2025-07-10 01:36:57,140 - etl_pipeline - INFO - SUCCESS DIM_SEDE
2025-07-10 01:36:57,162 - etl_pipeline - INFO - Extrayendo datos... dim_fecha
2025-07-10 01:36:57,518 - etl_pipeline - INFO - Extracción de fechas completada: 731 registros generados.
2025-07-10 01:36:57,520 - etl_pipeline - INFO - Cargando a staging ... dim_fecha
2025-07-10 01:36:57,617 - etl_pipeline - INFO - Staging stg_dim_fecha completado (731 filas)
2025-07-10 01:36:57,618 - etl_pipeline - INFO - Transformando... dim_fecha
2025-07-10 01:36:57,621 - etl_pipeline - INFO - Transformación completada (731 filas)
2025-07-10 01:36:57,622 - etl_pipeline - INFO - Cargando a destino... dim_fecha
2025-07-10 01:36:57,655 - etl_pipeline - INFO - Carga exitosa. Total registros: 731
2025-07-10 01:36:57,656 - etl_pipeline - INFO - ETL completado. Filas cargadas: 731 en dim_fecha
2025-07-10 01:36:57,657 - etl_pipeline - INFO - SUCCESS DIM_FECHA
2025-07-10 01:36:57,661 - etl_pipeline - INFO - Extrayendo datos... dim_hora
2025-07-10 01:36:57,662 - etl_pipeline - INFO - Extracción de dim_hora completada: 1440 registros generados.
2025-07-10 01:36:57,664 - etl_pipeline - INFO - Cargando a staging ... dim_hora
2025-07-10 01:36:57,755 - etl_pipeline - INFO - Staging stg_dim_hora completado (1440 filas)
2025-07-10 01:36:57,755 - etl_pipeline - INFO - Transformando... dim_hora
2025-07-10 01:36:57,758 - etl_pipeline - INFO - Transformación de dim_hora completada (1440 filas)
2025-07-10 01:36:57,759 - etl_pipeline - INFO - Cargando a destino... dim_hora
2025-07-10 01:36:57,798 - etl_pipeline - INFO - Carga de dim_hora exitosa. Total registros: 1440
2025-07-10 01:36:57,798 - etl_pipeline - INFO - ETL completado. Filas cargadas: 1440 en dim_hora
2025-07-10 01:36:57,799 - etl_pipeline - INFO - SUCCESS DIM_HORA
2025-07-10 01:36:57,804 - etl_pipeline - INFO - Extrayendo datos... fact_servicio
2025-07-10 01:36:58,376 - etl_pipeline - INFO - Cargando a staging ... fact_servicio
2025-07-10 01:37:03,461 - etl_pipeline - INFO - Staging stg_fact_servicio completado (26873 filas)
2025-07-10 01:37:03,461 - etl_pipeline - INFO - Transformando... fact_servicio
2025-07-10 01:37:03,722 - etl_pipeline - INFO - Transformación completada: 26873 filas
2025-07-10 01:37:03,723 - etl_pipeline - INFO - Cargando a destino... fact_servicio
2025-07-10 01:37:06,222 - etl_pipeline - INFO - Carga completada: 26873 registros en fact_servicio
2025-07-10 01:37:06,223 - etl_pipeline - INFO - ETL completado. Filas cargadas: 26873 en fact_servicio
2025-07-10 01:37:06,232 - etl_pipeline - INFO - SUCCESS FACT_SERVICIO
2025-07-10 01:37:06,238 - etl_pipeline - INFO - Extrayendo datos... fact_estado_servicio_transaccional
2025-07-10 01:37:06,525 - etl_pipeline - INFO - Cargando a staging ... fact_estado_servicio_transaccional
2025-07-10 01:37:11,559 - etl_pipeline - INFO - Staging fact_estado_servicio_transaccional completado (112601 filas)
2025-07-10 01:37:11,559 - etl_pipeline - INFO - Transformando... fact_estado_servicio_transaccional
2025-07-10 01:37:11,948 - etl_pipeline - INFO - Transformación completada: 110255 filas
2025-07-10 01:37:11,948 - etl_pipeline - INFO - Cargando a destino... fact_estado_servicio_transaccional
2025-07-10 01:37:15,317 - etl_pipeline - INFO - Carga completada: 110255 registros en fact_estado_servicio_transaccional
2025-07-10 01:37:15,317 - etl_pipeline - INFO - ETL completado. Filas cargadas: 110255 en fact_estado_servicio_transaccional
2025-07-10 01:37:15,323 - etl_pipeline - INFO - SUCCESS FACT_ESTADO_SERVICIO_TRANSACCIONAL
2025-07-10 01:37:15,331 - etl_pipeline - INFO - Extrayendo datos... fact_novedad_servicio_transaccional
2025-07-10 01:37:15,379 - etl_pipeline - INFO - Cargando a staging ... fact_novedad_servicio_transaccional
2025-07-10 01:37:15,417 - etl_pipeline - INFO - Staging fact_novedad_servicio_transaccional completado (8 filas)
2025-07-10 01:37:15,417 - etl_pipeline - INFO - Transformando... fact_novedad_servicio_transaccional
2025-07-10 01:37:15,425 - etl_pipeline - INFO - Transformación completada: 7 filas
2025-07-10 01:37:15,425 - etl_pipeline - INFO - Cargando a destino... fact_novedad_servicio_transaccional
2025-07-10 01:37:15,444 - etl_pipeline - INFO - Carga completada: 7 registros en fact_novedad_servicio_transaccional
2025-07-10 01:37:15,444 - etl_pipeline - INFO - ETL completado. Filas cargadas: 7 en fact_novedad_servicio_transaccional
2025-07-10 01:37:15,444 - etl_pipeline - INFO - SUCCESS FACT_NOVEDAD_SERVICIO_TRANSACCIONAL
2025-07-10 01:37:15,445 - etl_pipeline - INFO - Resumen de ejecución:
2025-07-10 01:37:15,445 - etl_pipeline - INFO -   - DIM_CLIENTE    : ÉXITO
2025-07-10 01:37:15,445 - etl_pipeline - INFO -   - DIM_MENSAJERO  : ÉXITO
2025-07-10 01:37:15,445 - etl_pipeline - INFO -   - DIM_NOVEDAD    : ÉXITO
2025-07-10 01:37:15,445 - etl_pipeline - INFO -   - DIM_ESTADO_SERVICIO: ÉXITO
2025-07-10 01:37:15,446 - etl_pipeline - INFO -   - DIM_TIPO_SERVICIO: ÉXITO
2025-07-10 01:37:15,446 - etl_pipeline - INFO -   - DIM_SEDE       : ÉXITO
2025-07-10 01:37:15,446 - etl_pipeline - INFO -   - DIM_FECHA      : ÉXITO
2025-07-10 01:37:15,446 - etl_pipeline - INFO -   - DIM_HORA       : ÉXITO
2025-07-10 01:37:15,446 - etl_pipeline - INFO -   - FACT_SERVICIO  : ÉXITO
2025-07-10 01:37:15,446 - etl_pipeline - INFO -   - FACT_ESTADO_SERVICIO_TRANSACCIONAL: ÉXITO
2025-07-10 01:37:15,446 - etl_pipeline - INFO -   - FACT_NOVEDAD_SERVICIO_TRANSACCIONAL: ÉXITO
2025-07-10 01:37:15,447 - etl_pipeline - INFO - ¡Todos los pipelines completados con éxito!
