2025-07-15 00:49:55,760 - etl_pipeline - INFO - Iniciando ETL Master
2025-07-15 00:49:56,358 - etl_pipeline - INFO - Extrayendo datos... dim_cliente
2025-07-15 00:49:56,512 - etl_pipeline - INFO - Cargando a staging ... dim_cliente
2025-07-15 00:49:56,594 - etl_pipeline - INFO - Staging stg_dim_cliente completado (27 filas)
2025-07-15 00:49:56,595 - etl_pipeline - INFO - Transformando... dim_cliente
2025-07-15 00:49:56,599 - etl_pipeline - INFO - Transformación completada (27 filas)
2025-07-15 00:49:56,599 - etl_pipeline - INFO - Cargando a destino... dim_cliente
2025-07-15 00:49:56,694 - etl_pipeline - INFO - Carga exitosa. Total registros: 27
2025-07-15 00:49:56,695 - etl_pipeline - INFO - ETL completado. Filas cargadas: 27 en dim_cliente
2025-07-15 00:49:56,697 - etl_pipeline - INFO - SUCCESS DIM_CLIENTE
2025-07-15 00:49:56,779 - etl_pipeline - INFO - Extrayendo datos... dim_mensajero
2025-07-15 00:49:56,860 - etl_pipeline - INFO - Extraídos 50 registros de mensajeros
2025-07-15 00:49:56,871 - etl_pipeline - INFO - Cargando a staging ... dim_mensajero
2025-07-15 00:49:56,946 - etl_pipeline - INFO - Staging stg_dim_mensajero completado (50 filas)
2025-07-15 00:49:56,946 - etl_pipeline - INFO - Transformando... dim_mensajero
2025-07-15 00:49:56,948 - etl_pipeline - INFO - Transformación completada (50 filas)
2025-07-15 00:49:56,948 - etl_pipeline - INFO - Cargando a destino... dim_mensajero
2025-07-15 00:49:57,020 - etl_pipeline - INFO - Carga exitosa. Total registros: 50
2025-07-15 00:49:57,020 - etl_pipeline - INFO - ETL completado. Filas cargadas: 50 en dim_mensajero
2025-07-15 00:49:57,021 - etl_pipeline - INFO - SUCCESS DIM_MENSAJERO
2025-07-15 00:49:57,068 - etl_pipeline - INFO - Extrayendo datos... dim_novedad
2025-07-15 00:49:57,147 - etl_pipeline - INFO - Cargando a staging ... dim_novedad
2025-07-15 00:49:57,212 - etl_pipeline - INFO - Staging stg_dim_novedad completado (2 filas)
2025-07-15 00:49:57,212 - etl_pipeline - INFO - Transformando... dim_novedad
2025-07-15 00:49:57,214 - etl_pipeline - INFO - Transformación completada (2 filas)
2025-07-15 00:49:57,214 - etl_pipeline - INFO - Cargando a destino... dim_novedad
2025-07-15 00:49:57,384 - etl_pipeline - INFO - Carga exitosa. Total registros: 2
2025-07-15 00:49:57,385 - etl_pipeline - INFO - ETL completado. Filas cargadas: 2 en dim_novedad
2025-07-15 00:49:57,387 - etl_pipeline - INFO - SUCCESS DIM_NOVEDAD
2025-07-15 00:49:57,443 - etl_pipeline - INFO - Extrayendo datos... dim_estado_servicio
2025-07-15 00:49:57,499 - etl_pipeline - INFO - Cargando a staging ... dim_estado_servicio
2025-07-15 00:49:57,570 - etl_pipeline - INFO - Staging stg_dim_estado_servicio completado (6 filas)
2025-07-15 00:49:57,571 - etl_pipeline - INFO - Transformando... dim_estado_servicio
2025-07-15 00:49:57,573 - etl_pipeline - INFO - Transformación completada (6 filas)
2025-07-15 00:49:57,573 - etl_pipeline - INFO - Cargando a destino... dim_estado_servicio
2025-07-15 00:49:57,644 - etl_pipeline - INFO - Carga exitosa. Total registros: 6
2025-07-15 00:49:57,645 - etl_pipeline - INFO - ETL completado. Filas cargadas: 6 en dim_estado_servicio
2025-07-15 00:49:57,647 - etl_pipeline - INFO - SUCCESS DIM_ESTADO_SERVICIO
2025-07-15 00:49:57,703 - etl_pipeline - INFO - Extrayendo datos... dim_tipo_servicio
2025-07-15 00:49:57,771 - etl_pipeline - INFO - Cargando a staging ... dim_tipo_servicio
2025-07-15 00:49:57,839 - etl_pipeline - INFO - Staging stg_dim_tipo_servicio completado (4 filas)
2025-07-15 00:49:57,840 - etl_pipeline - INFO - Transformando... dim_tipo_servicio
2025-07-15 00:49:57,842 - etl_pipeline - INFO - Transformación completada (4 filas)
2025-07-15 00:49:57,842 - etl_pipeline - INFO - Cargando a destino... dim_tipo_servicio
2025-07-15 00:49:57,904 - etl_pipeline - INFO - Carga exitosa. Total registros: 4
2025-07-15 00:49:57,905 - etl_pipeline - INFO - ETL completado. Filas cargadas: 4 en dim_tipo_servicio
2025-07-15 00:49:57,907 - etl_pipeline - INFO - SUCCESS DIM_TIPO_SERVICIO
2025-07-15 00:49:57,998 - etl_pipeline - INFO - Extrayendo datos... dim_sede
2025-07-15 00:49:58,074 - etl_pipeline - INFO - Cargando a staging ... dim_sede
2025-07-15 00:49:58,175 - etl_pipeline - INFO - Staging stg_dim_sede completado (52 filas)
2025-07-15 00:49:58,176 - etl_pipeline - INFO - Transformando... dim_sede
2025-07-15 00:49:58,178 - etl_pipeline - INFO - Transformación completada (52 filas)
2025-07-15 00:49:58,179 - etl_pipeline - INFO - Cargando a destino... dim_sede
2025-07-15 00:49:58,253 - etl_pipeline - INFO - Carga exitosa. Total registros: 52
2025-07-15 00:49:58,253 - etl_pipeline - INFO - ETL completado. Filas cargadas: 52 en dim_sede
2025-07-15 00:49:58,255 - etl_pipeline - INFO - SUCCESS DIM_SEDE
2025-07-15 00:49:58,342 - etl_pipeline - INFO - Extrayendo datos... dim_fecha
2025-07-15 00:49:58,506 - etl_pipeline - INFO - Extracción de fechas completada: 731 registros generados.
2025-07-15 00:49:58,521 - etl_pipeline - INFO - Cargando a staging ... dim_fecha
2025-07-15 00:49:58,660 - etl_pipeline - INFO - Staging stg_dim_fecha completado (731 filas)
2025-07-15 00:49:58,660 - etl_pipeline - INFO - Transformando... dim_fecha
2025-07-15 00:49:58,666 - etl_pipeline - INFO - Transformación completada (731 filas)
2025-07-15 00:49:58,666 - etl_pipeline - INFO - Cargando a destino... dim_fecha
2025-07-15 00:49:58,745 - etl_pipeline - INFO - Carga exitosa. Total registros: 731
2025-07-15 00:49:58,745 - etl_pipeline - INFO - ETL completado. Filas cargadas: 731 en dim_fecha
2025-07-15 00:49:58,747 - etl_pipeline - INFO - SUCCESS DIM_FECHA
2025-07-15 00:49:58,825 - etl_pipeline - INFO - Extrayendo datos... dim_hora
2025-07-15 00:49:58,827 - etl_pipeline - INFO - Extracción de dim_hora completada: 1440 registros generados.
2025-07-15 00:49:58,837 - etl_pipeline - INFO - Cargando a staging ... dim_hora
2025-07-15 00:49:58,946 - etl_pipeline - INFO - Staging stg_dim_hora completado (1440 filas)
2025-07-15 00:49:58,947 - etl_pipeline - INFO - Transformando... dim_hora
2025-07-15 00:49:58,953 - etl_pipeline - INFO - Transformación de dim_hora completada (1440 filas)
2025-07-15 00:49:58,954 - etl_pipeline - INFO - Cargando a destino... dim_hora
2025-07-15 00:49:59,043 - etl_pipeline - INFO - Carga de dim_hora exitosa. Total registros: 1440
2025-07-15 00:49:59,043 - etl_pipeline - INFO - ETL completado. Filas cargadas: 1440 en dim_hora
2025-07-15 00:49:59,046 - etl_pipeline - INFO - SUCCESS DIM_HORA
2025-07-15 00:49:59,138 - etl_pipeline - INFO - Extrayendo datos... fact_servicio
2025-07-15 00:49:59,532 - etl_pipeline - INFO - Cargando a staging ... fact_servicio
2025-07-15 00:50:02,230 - etl_pipeline - INFO - Staging STAGING.stg_fact_servicio completado (12572 filas)
2025-07-15 00:50:04,804 - etl_pipeline - INFO - Staging TARGET.TEMP stg_fact_servicio completado (12572 filas)
2025-07-15 00:50:04,805 - etl_pipeline - INFO - Transformando... fact_servicio
2025-07-15 00:50:04,978 - etl_pipeline - INFO - Transformación completada: 12572 filas
2025-07-15 00:50:04,979 - etl_pipeline - INFO - Cargando a destino... fact_servicio
2025-07-15 00:50:06,233 - etl_pipeline - INFO - Carga completada: 12572 registros en fact_servicio
2025-07-15 00:50:06,233 - etl_pipeline - INFO - ETL completado. Filas cargadas: 12572 en fact_servicio
2025-07-15 00:50:06,240 - etl_pipeline - INFO - SUCCESS FACT_SERVICIO
2025-07-15 00:50:06,282 - etl_pipeline - INFO - Extrayendo datos... fact_estado_servicio_transaccional
2025-07-15 00:50:06,494 - etl_pipeline - INFO - Cargando a staging ... fact_estado_servicio_transaccional
2025-07-15 00:50:09,055 - etl_pipeline - INFO - Staging STAGING.stg_fact_estado_servicio_transaccional completado (52268 filas)
2025-07-15 00:50:11,639 - etl_pipeline - INFO - Staging TARGET.TEMP stg_fact_estado_servicio_transaccional completado (52268 filas)
2025-07-15 00:50:11,640 - etl_pipeline - INFO - Transformando... fact_estado_servicio_transaccional
2025-07-15 00:50:11,849 - etl_pipeline - INFO - Transformación completada: 51514 filas
2025-07-15 00:50:11,850 - etl_pipeline - INFO - Cargando a destino... fact_estado_servicio_transaccional
2025-07-15 00:50:13,475 - etl_pipeline - INFO - Carga completada: 51514 registros en fact_estado_servicio_transaccional
2025-07-15 00:50:13,476 - etl_pipeline - INFO - ETL completado. Filas cargadas: 51514 en fact_estado_servicio_transaccional
2025-07-15 00:50:13,482 - etl_pipeline - INFO - SUCCESS FACT_ESTADO_SERVICIO_TRANSACCIONAL
2025-07-15 00:50:13,575 - etl_pipeline - INFO - Extrayendo datos... fact_novedad_servicio_transaccional
2025-07-15 00:50:13,656 - etl_pipeline - ERROR - Falló la extracción o DataFrame vacío
2025-07-15 00:50:13,657 - etl_pipeline - INFO - ERROR FACT_NOVEDAD_SERVICIO_TRANSACCIONAL
2025-07-15 00:50:13,657 - etl_pipeline - INFO - Resumen de ejecución:
2025-07-15 00:50:13,658 - etl_pipeline - INFO -   - DIM_CLIENTE    : ÉXITO
2025-07-15 00:50:13,658 - etl_pipeline - INFO -   - DIM_MENSAJERO  : ÉXITO
2025-07-15 00:50:13,658 - etl_pipeline - INFO -   - DIM_NOVEDAD    : ÉXITO
2025-07-15 00:50:13,659 - etl_pipeline - INFO -   - DIM_ESTADO_SERVICIO: ÉXITO
2025-07-15 00:50:13,659 - etl_pipeline - INFO -   - DIM_TIPO_SERVICIO: ÉXITO
2025-07-15 00:50:13,660 - etl_pipeline - INFO -   - DIM_SEDE       : ÉXITO
2025-07-15 00:50:13,660 - etl_pipeline - INFO -   - DIM_FECHA      : ÉXITO
2025-07-15 00:50:13,660 - etl_pipeline - INFO -   - DIM_HORA       : ÉXITO
2025-07-15 00:50:13,661 - etl_pipeline - INFO -   - FACT_SERVICIO  : ÉXITO
2025-07-15 00:50:13,661 - etl_pipeline - INFO -   - FACT_ESTADO_SERVICIO_TRANSACCIONAL: ÉXITO
2025-07-15 00:50:13,662 - etl_pipeline - INFO -   - FACT_NOVEDAD_SERVICIO_TRANSACCIONAL: FALLÓ
2025-07-15 00:50:13,662 - etl_pipeline - ERROR - Algunos pipelines fallaron. Ver logs.
2025-07-15 00:50:32,134 - etl_pipeline - INFO - Iniciando ETL Master
2025-07-15 00:50:32,556 - etl_pipeline - INFO - Extrayendo datos... dim_cliente
2025-07-15 00:50:32,655 - etl_pipeline - INFO - Cargando a staging ... dim_cliente
2025-07-15 00:50:32,716 - etl_pipeline - INFO - Staging stg_dim_cliente completado (27 filas)
2025-07-15 00:50:32,716 - etl_pipeline - INFO - Transformando... dim_cliente
2025-07-15 00:50:32,719 - etl_pipeline - INFO - Transformación completada (27 filas)
2025-07-15 00:50:32,719 - etl_pipeline - INFO - Cargando a destino... dim_cliente
2025-07-15 00:50:32,788 - etl_pipeline - INFO - Carga exitosa. Total registros: 27
2025-07-15 00:50:32,789 - etl_pipeline - INFO - ETL completado. Filas cargadas: 27 en dim_cliente
2025-07-15 00:50:32,791 - etl_pipeline - INFO - SUCCESS DIM_CLIENTE
2025-07-15 00:50:32,821 - etl_pipeline - INFO - Extrayendo datos... dim_mensajero
2025-07-15 00:50:32,871 - etl_pipeline - INFO - Extraídos 50 registros de mensajeros
2025-07-15 00:50:32,887 - etl_pipeline - INFO - Cargando a staging ... dim_mensajero
2025-07-15 00:50:32,957 - etl_pipeline - INFO - Staging stg_dim_mensajero completado (50 filas)
2025-07-15 00:50:32,958 - etl_pipeline - INFO - Transformando... dim_mensajero
2025-07-15 00:50:32,960 - etl_pipeline - INFO - Transformación completada (50 filas)
2025-07-15 00:50:32,961 - etl_pipeline - INFO - Cargando a destino... dim_mensajero
2025-07-15 00:50:33,028 - etl_pipeline - INFO - Carga exitosa. Total registros: 50
2025-07-15 00:50:33,029 - etl_pipeline - INFO - ETL completado. Filas cargadas: 50 en dim_mensajero
2025-07-15 00:50:33,031 - etl_pipeline - INFO - SUCCESS DIM_MENSAJERO
2025-07-15 00:50:33,059 - etl_pipeline - INFO - Extrayendo datos... dim_novedad
2025-07-15 00:50:33,114 - etl_pipeline - INFO - Cargando a staging ... dim_novedad
2025-07-15 00:50:33,168 - etl_pipeline - INFO - Staging stg_dim_novedad completado (2 filas)
2025-07-15 00:50:33,168 - etl_pipeline - INFO - Transformando... dim_novedad
2025-07-15 00:50:33,170 - etl_pipeline - INFO - Transformación completada (2 filas)
2025-07-15 00:50:33,170 - etl_pipeline - INFO - Cargando a destino... dim_novedad
2025-07-15 00:50:33,243 - etl_pipeline - INFO - Carga exitosa. Total registros: 2
2025-07-15 00:50:33,243 - etl_pipeline - INFO - ETL completado. Filas cargadas: 2 en dim_novedad
2025-07-15 00:50:33,245 - etl_pipeline - INFO - SUCCESS DIM_NOVEDAD
2025-07-15 00:50:33,273 - etl_pipeline - INFO - Extrayendo datos... dim_estado_servicio
2025-07-15 00:50:33,337 - etl_pipeline - INFO - Cargando a staging ... dim_estado_servicio
2025-07-15 00:50:33,402 - etl_pipeline - INFO - Staging stg_dim_estado_servicio completado (6 filas)
2025-07-15 00:50:33,403 - etl_pipeline - INFO - Transformando... dim_estado_servicio
2025-07-15 00:50:33,404 - etl_pipeline - INFO - Transformación completada (6 filas)
2025-07-15 00:50:33,405 - etl_pipeline - INFO - Cargando a destino... dim_estado_servicio
2025-07-15 00:50:33,473 - etl_pipeline - INFO - Carga exitosa. Total registros: 6
2025-07-15 00:50:33,473 - etl_pipeline - INFO - ETL completado. Filas cargadas: 6 en dim_estado_servicio
2025-07-15 00:50:33,475 - etl_pipeline - INFO - SUCCESS DIM_ESTADO_SERVICIO
2025-07-15 00:50:33,495 - etl_pipeline - INFO - Extrayendo datos... dim_tipo_servicio
2025-07-15 00:50:33,570 - etl_pipeline - INFO - Cargando a staging ... dim_tipo_servicio
2025-07-15 00:50:33,630 - etl_pipeline - INFO - Staging stg_dim_tipo_servicio completado (4 filas)
2025-07-15 00:50:33,630 - etl_pipeline - INFO - Transformando... dim_tipo_servicio
2025-07-15 00:50:33,632 - etl_pipeline - INFO - Transformación completada (4 filas)
2025-07-15 00:50:33,632 - etl_pipeline - INFO - Cargando a destino... dim_tipo_servicio
2025-07-15 00:50:33,787 - etl_pipeline - INFO - Carga exitosa. Total registros: 4
2025-07-15 00:50:33,787 - etl_pipeline - INFO - ETL completado. Filas cargadas: 4 en dim_tipo_servicio
2025-07-15 00:50:33,789 - etl_pipeline - INFO - SUCCESS DIM_TIPO_SERVICIO
2025-07-15 00:50:33,808 - etl_pipeline - INFO - Extrayendo datos... dim_sede
2025-07-15 00:50:33,878 - etl_pipeline - INFO - Cargando a staging ... dim_sede
2025-07-15 00:50:33,950 - etl_pipeline - INFO - Staging stg_dim_sede completado (52 filas)
2025-07-15 00:50:33,950 - etl_pipeline - INFO - Transformando... dim_sede
2025-07-15 00:50:33,953 - etl_pipeline - INFO - Transformación completada (52 filas)
2025-07-15 00:50:33,953 - etl_pipeline - INFO - Cargando a destino... dim_sede
2025-07-15 00:50:34,026 - etl_pipeline - INFO - Carga exitosa. Total registros: 52
2025-07-15 00:50:34,026 - etl_pipeline - INFO - ETL completado. Filas cargadas: 52 en dim_sede
2025-07-15 00:50:34,028 - etl_pipeline - INFO - SUCCESS DIM_SEDE
2025-07-15 00:50:34,061 - etl_pipeline - INFO - Extrayendo datos... dim_fecha
2025-07-15 00:50:34,176 - etl_pipeline - INFO - Extracción de fechas completada: 731 registros generados.
2025-07-15 00:50:34,189 - etl_pipeline - INFO - Cargando a staging ... dim_fecha
2025-07-15 00:50:34,309 - etl_pipeline - INFO - Staging stg_dim_fecha completado (731 filas)
2025-07-15 00:50:34,310 - etl_pipeline - INFO - Transformando... dim_fecha
2025-07-15 00:50:34,316 - etl_pipeline - INFO - Transformación completada (731 filas)
2025-07-15 00:50:34,316 - etl_pipeline - INFO - Cargando a destino... dim_fecha
2025-07-15 00:50:34,394 - etl_pipeline - INFO - Carga exitosa. Total registros: 731
2025-07-15 00:50:34,394 - etl_pipeline - INFO - ETL completado. Filas cargadas: 731 en dim_fecha
2025-07-15 00:50:34,397 - etl_pipeline - INFO - SUCCESS DIM_FECHA
2025-07-15 00:50:34,424 - etl_pipeline - INFO - Extrayendo datos... dim_hora
2025-07-15 00:50:34,425 - etl_pipeline - INFO - Extracción de dim_hora completada: 1440 registros generados.
2025-07-15 00:50:34,435 - etl_pipeline - INFO - Cargando a staging ... dim_hora
2025-07-15 00:50:34,655 - etl_pipeline - INFO - Staging stg_dim_hora completado (1440 filas)
2025-07-15 00:50:34,655 - etl_pipeline - INFO - Transformando... dim_hora
2025-07-15 00:50:34,660 - etl_pipeline - INFO - Transformación de dim_hora completada (1440 filas)
2025-07-15 00:50:34,660 - etl_pipeline - INFO - Cargando a destino... dim_hora
2025-07-15 00:50:34,740 - etl_pipeline - INFO - Carga de dim_hora exitosa. Total registros: 1440
2025-07-15 00:50:34,740 - etl_pipeline - INFO - ETL completado. Filas cargadas: 1440 en dim_hora
2025-07-15 00:50:34,742 - etl_pipeline - INFO - SUCCESS DIM_HORA
2025-07-15 00:50:34,763 - etl_pipeline - INFO - Extrayendo datos... fact_servicio
2025-07-15 00:50:35,292 - etl_pipeline - INFO - Cargando a staging ... fact_servicio
2025-07-15 00:50:40,976 - etl_pipeline - INFO - Staging STAGING.stg_fact_servicio completado (26873 filas)
2025-07-15 00:50:46,719 - etl_pipeline - INFO - Staging TARGET.TEMP stg_fact_servicio completado (26873 filas)
2025-07-15 00:50:46,720 - etl_pipeline - INFO - Transformando... fact_servicio
2025-07-15 00:50:47,108 - etl_pipeline - INFO - Transformación completada: 26873 filas
2025-07-15 00:50:47,108 - etl_pipeline - INFO - Cargando a destino... fact_servicio
2025-07-15 00:50:49,737 - etl_pipeline - INFO - Carga completada: 26873 registros en fact_servicio
2025-07-15 00:50:49,739 - etl_pipeline - INFO - ETL completado. Filas cargadas: 26873 en fact_servicio
2025-07-15 00:50:49,752 - etl_pipeline - INFO - SUCCESS FACT_SERVICIO
2025-07-15 00:50:49,815 - etl_pipeline - INFO - Extrayendo datos... fact_estado_servicio_transaccional
2025-07-15 00:50:50,296 - etl_pipeline - INFO - Cargando a staging ... fact_estado_servicio_transaccional
2025-07-15 00:50:56,068 - etl_pipeline - INFO - Staging STAGING.stg_fact_estado_servicio_transaccional completado (112601 filas)
2025-07-15 00:51:01,764 - etl_pipeline - INFO - Staging TARGET.TEMP stg_fact_estado_servicio_transaccional completado (112601 filas)
2025-07-15 00:51:01,766 - etl_pipeline - INFO - Transformando... fact_estado_servicio_transaccional
2025-07-15 00:51:02,259 - etl_pipeline - INFO - Transformación completada: 110255 filas
2025-07-15 00:51:02,259 - etl_pipeline - INFO - Cargando a destino... fact_estado_servicio_transaccional
2025-07-15 00:51:05,704 - etl_pipeline - INFO - Carga completada: 110255 registros en fact_estado_servicio_transaccional
2025-07-15 00:51:05,705 - etl_pipeline - INFO - ETL completado. Filas cargadas: 110255 en fact_estado_servicio_transaccional
2025-07-15 00:51:05,712 - etl_pipeline - INFO - SUCCESS FACT_ESTADO_SERVICIO_TRANSACCIONAL
2025-07-15 00:51:05,787 - etl_pipeline - INFO - Extrayendo datos... fact_novedad_servicio_transaccional
2025-07-15 00:51:05,876 - etl_pipeline - INFO - Cargando a staging ... fact_novedad_servicio_transaccional
2025-07-15 00:51:05,947 - etl_pipeline - INFO - Staging STAGING.stg_fact_novedad_servicio_transaccional completado (8 filas)
2025-07-15 00:51:06,024 - etl_pipeline - INFO - Staging TARGET.TEMP stg_fact_novedad_servicio_transaccional completado (8 filas)
2025-07-15 00:51:06,024 - etl_pipeline - INFO - Transformando... fact_novedad_servicio_transaccional
2025-07-15 00:51:06,033 - etl_pipeline - INFO - Transformación completada: 7 filas
2025-07-15 00:51:06,034 - etl_pipeline - INFO - Cargando a destino... fact_novedad_servicio_transaccional
2025-07-15 00:51:06,056 - etl_pipeline - INFO - Carga completada: 7 registros en fact_novedad_servicio_transaccional
2025-07-15 00:51:06,056 - etl_pipeline - INFO - ETL completado. Filas cargadas: 7 en fact_novedad_servicio_transaccional
2025-07-15 00:51:06,079 - etl_pipeline - INFO - SUCCESS FACT_NOVEDAD_SERVICIO_TRANSACCIONAL
2025-07-15 00:51:06,080 - etl_pipeline - INFO - Resumen de ejecución:
2025-07-15 00:51:06,080 - etl_pipeline - INFO -   - DIM_CLIENTE    : ÉXITO
2025-07-15 00:51:06,081 - etl_pipeline - INFO -   - DIM_MENSAJERO  : ÉXITO
2025-07-15 00:51:06,081 - etl_pipeline - INFO -   - DIM_NOVEDAD    : ÉXITO
2025-07-15 00:51:06,081 - etl_pipeline - INFO -   - DIM_ESTADO_SERVICIO: ÉXITO
2025-07-15 00:51:06,082 - etl_pipeline - INFO -   - DIM_TIPO_SERVICIO: ÉXITO
2025-07-15 00:51:06,082 - etl_pipeline - INFO -   - DIM_SEDE       : ÉXITO
2025-07-15 00:51:06,082 - etl_pipeline - INFO -   - DIM_FECHA      : ÉXITO
2025-07-15 00:51:06,083 - etl_pipeline - INFO -   - DIM_HORA       : ÉXITO
2025-07-15 00:51:06,083 - etl_pipeline - INFO -   - FACT_SERVICIO  : ÉXITO
2025-07-15 00:51:06,083 - etl_pipeline - INFO -   - FACT_ESTADO_SERVICIO_TRANSACCIONAL: ÉXITO
2025-07-15 00:51:06,086 - etl_pipeline - INFO -   - FACT_NOVEDAD_SERVICIO_TRANSACCIONAL: ÉXITO
2025-07-15 00:51:06,086 - etl_pipeline - INFO - ¡Todos los pipelines completados con éxito!
