2025-06-02 20:24:22,097 - etl_pipeline - INFO - Iniciando ETL Master
2025-06-02 20:24:22,425 - etl_pipeline - INFO - Extrayendo datos... dim_cliente
2025-06-02 20:24:22,509 - etl_pipeline - INFO - Cargando a staging ... dim_cliente
2025-06-02 20:24:22,671 - etl_pipeline - INFO - Staging stg_dim_cliente completado (27 filas)
2025-06-02 20:24:22,671 - etl_pipeline - INFO - Transformando... dim_cliente
2025-06-02 20:24:22,672 - etl_pipeline - INFO - Transformación completada (27 filas)
2025-06-02 20:24:22,673 - etl_pipeline - INFO - Cargando a destino... dim_cliente
2025-06-02 20:24:22,681 - etl_pipeline - INFO - Carga exitosa. Total registros: 27
2025-06-02 20:24:22,682 - etl_pipeline - INFO - ETL completado. Filas cargadas: 27 en dim_cliente
2025-06-02 20:24:22,684 - etl_pipeline - INFO - SUCCESS DIM_CLIENTE
2025-06-02 20:24:22,686 - etl_pipeline - INFO - Extrayendo datos... dim_mensajero
2025-06-02 20:24:22,727 - etl_pipeline - INFO - Extraídos 50 registros de mensajeros
2025-06-02 20:24:22,728 - etl_pipeline - INFO - Cargando a staging ... dim_mensajero
2025-06-02 20:24:22,767 - etl_pipeline - INFO - Staging stg_dim_mensajero completado (50 filas)
2025-06-02 20:24:22,767 - etl_pipeline - INFO - Transformando... dim_mensajero
2025-06-02 20:24:22,769 - etl_pipeline - INFO - Transformación completada (50 filas)
2025-06-02 20:24:22,769 - etl_pipeline - INFO - Cargando a destino... dim_mensajero
2025-06-02 20:24:22,779 - etl_pipeline - INFO - Carga exitosa. Total registros: 50
2025-06-02 20:24:22,779 - etl_pipeline - INFO - ETL completado. Filas cargadas: 50 en dim_mensajero
2025-06-02 20:24:22,781 - etl_pipeline - INFO - SUCCESS DIM_MENSAJERO
2025-06-02 20:24:22,783 - etl_pipeline - INFO - Extrayendo datos... dim_novedad
2025-06-02 20:24:22,816 - etl_pipeline - INFO - Cargando a staging ... dim_novedad
2025-06-02 20:24:22,848 - etl_pipeline - INFO - Staging stg_dim_novedad completado (2 filas)
2025-06-02 20:24:22,849 - etl_pipeline - INFO - Transformando... dim_novedad
2025-06-02 20:24:22,850 - etl_pipeline - INFO - Transformación completada (2 filas)
2025-06-02 20:24:22,850 - etl_pipeline - INFO - Cargando a destino... dim_novedad
2025-06-02 20:24:22,855 - etl_pipeline - INFO - Carga exitosa. Total registros: 2
2025-06-02 20:24:22,855 - etl_pipeline - INFO - ETL completado. Filas cargadas: 2 en dim_novedad
2025-06-02 20:24:22,857 - etl_pipeline - INFO - SUCCESS DIM_NOVEDAD
2025-06-02 20:24:22,858 - etl_pipeline - INFO - Extrayendo datos... dim_estado_servicio
2025-06-02 20:24:22,891 - etl_pipeline - INFO - Cargando a staging ... dim_estado_servicio
2025-06-02 20:24:22,926 - etl_pipeline - INFO - Staging stg_dim_estado_servicio completado (6 filas)
2025-06-02 20:24:22,926 - etl_pipeline - INFO - Transformando... dim_estado_servicio
2025-06-02 20:24:22,927 - etl_pipeline - INFO - Transformación completada (6 filas)
2025-06-02 20:24:22,927 - etl_pipeline - INFO - Cargando a destino... dim_estado_servicio
2025-06-02 20:24:22,936 - etl_pipeline - INFO - Carga exitosa. Total registros: 6
2025-06-02 20:24:22,936 - etl_pipeline - INFO - ETL completado. Filas cargadas: 6 en dim_estado_servicio
2025-06-02 20:24:22,938 - etl_pipeline - INFO - SUCCESS DIM_ESTADO_SERVICIO
2025-06-02 20:24:22,940 - etl_pipeline - INFO - Extrayendo datos... dim_tipo_servicio
2025-06-02 20:24:22,974 - etl_pipeline - INFO - Cargando a staging ... dim_tipo_servicio
2025-06-02 20:24:23,008 - etl_pipeline - INFO - Staging stg_dim_tipo_servicio completado (4 filas)
2025-06-02 20:24:23,008 - etl_pipeline - INFO - Transformando... dim_tipo_servicio
2025-06-02 20:24:23,009 - etl_pipeline - INFO - Transformación completada (4 filas)
2025-06-02 20:24:23,009 - etl_pipeline - INFO - Cargando a destino... dim_tipo_servicio
2025-06-02 20:24:23,015 - etl_pipeline - INFO - Carga exitosa. Total registros: 4
2025-06-02 20:24:23,016 - etl_pipeline - INFO - ETL completado. Filas cargadas: 4 en dim_tipo_servicio
2025-06-02 20:24:23,018 - etl_pipeline - INFO - SUCCESS DIM_TIPO_SERVICIO
2025-06-02 20:24:23,020 - etl_pipeline - INFO - Extrayendo datos... dim_sede
2025-06-02 20:24:23,063 - etl_pipeline - INFO - Cargando a staging ... dim_sede
2025-06-02 20:24:23,102 - etl_pipeline - INFO - Staging stg_dim_sede completado (52 filas)
2025-06-02 20:24:23,102 - etl_pipeline - INFO - Transformando... dim_sede
2025-06-02 20:24:23,103 - etl_pipeline - INFO - Transformación completada (52 filas)
2025-06-02 20:24:23,104 - etl_pipeline - INFO - Cargando a destino... dim_sede
2025-06-02 20:24:23,111 - etl_pipeline - INFO - Carga exitosa. Total registros: 52
2025-06-02 20:24:23,111 - etl_pipeline - INFO - ETL completado. Filas cargadas: 52 en dim_sede
2025-06-02 20:24:23,113 - etl_pipeline - INFO - SUCCESS DIM_SEDE
2025-06-02 20:24:23,115 - etl_pipeline - INFO - Extrayendo datos... dim_fecha
2025-06-02 20:24:23,250 - etl_pipeline - INFO - Extracción de fechas completada: 731 registros generados.
2025-06-02 20:24:23,251 - etl_pipeline - INFO - Cargando a staging ... dim_fecha
2025-06-02 20:24:23,337 - etl_pipeline - INFO - Staging stg_dim_fecha completado (731 filas)
2025-06-02 20:24:23,337 - etl_pipeline - INFO - Transformando... dim_fecha
2025-06-02 20:24:23,340 - etl_pipeline - INFO - Transformación completada (731 filas)
2025-06-02 20:24:23,341 - etl_pipeline - INFO - Cargando a destino... dim_fecha
2025-06-02 20:24:23,362 - etl_pipeline - INFO - Carga exitosa. Total registros: 731
2025-06-02 20:24:23,362 - etl_pipeline - INFO - ETL completado. Filas cargadas: 731 en dim_fecha
2025-06-02 20:24:23,365 - etl_pipeline - INFO - SUCCESS DIM_FECHA
2025-06-02 20:24:23,367 - etl_pipeline - INFO - Extrayendo datos... dim_hora
2025-06-02 20:24:23,368 - etl_pipeline - INFO - Extracción de dim_hora completada: 1440 registros generados.
2025-06-02 20:24:23,370 - etl_pipeline - INFO - Cargando a staging ... dim_hora
2025-06-02 20:24:23,467 - etl_pipeline - INFO - Staging stg_dim_hora completado (1440 filas)
2025-06-02 20:24:23,467 - etl_pipeline - INFO - Transformando... dim_hora
2025-06-02 20:24:23,471 - etl_pipeline - INFO - Transformación de dim_hora completada (1440 filas)
2025-06-02 20:24:23,472 - etl_pipeline - INFO - Cargando a destino... dim_hora
2025-06-02 20:24:23,500 - etl_pipeline - INFO - Carga de dim_hora exitosa. Total registros: 1440
2025-06-02 20:24:23,500 - etl_pipeline - INFO - ETL completado. Filas cargadas: 1440 en dim_hora
2025-06-02 20:24:23,503 - etl_pipeline - INFO - SUCCESS DIM_HORA
2025-06-02 20:24:23,505 - etl_pipeline - INFO - Extrayendo datos... fact_servicio
2025-06-02 20:24:23,998 - etl_pipeline - INFO - Cargando a staging ... fact_servicio
2025-06-02 20:24:29,907 - etl_pipeline - INFO - Staging stg_fact_servicio completado (28328 filas)
2025-06-02 20:24:29,908 - etl_pipeline - INFO - Transformando... fact_servicio
2025-06-02 20:24:30,205 - etl_pipeline - INFO - Transformación completada: 28328 filas
2025-06-02 20:24:30,205 - etl_pipeline - INFO - Cargando a destino... fact_servicio
2025-06-02 20:24:32,101 - etl_pipeline - INFO - Carga completada: 28328 registros en fact_servicio
2025-06-02 20:24:32,101 - etl_pipeline - INFO - ETL completado. Filas cargadas: 28328 en fact_servicio
2025-06-02 20:24:32,118 - etl_pipeline - INFO - SUCCESS FACT_SERVICIO
2025-06-02 20:24:32,132 - etl_pipeline - INFO - Extrayendo datos... fact_estado_servicio_transaccional
2025-06-02 20:24:32,443 - etl_pipeline - INFO - Cargando a staging ... fact_estado_servicio_transaccional
2025-06-02 20:24:38,159 - etl_pipeline - INFO - Staging fact_estado_servicio_transaccional completado (127931 filas)
2025-06-02 20:24:38,159 - etl_pipeline - INFO - Transformando... fact_estado_servicio_transaccional
2025-06-02 20:24:38,588 - etl_pipeline - INFO - Transformación completada: 127931 filas
2025-06-02 20:24:38,589 - etl_pipeline - INFO - Cargando a destino... fact_estado_servicio_transaccional
2025-06-02 20:24:40,623 - etl_pipeline - INFO - Carga completada: 127931 registros en fact_estado_servicio_transaccional
2025-06-02 20:24:40,623 - etl_pipeline - INFO - ETL completado. Filas cargadas: 127931 en fact_estado_servicio_transaccional
2025-06-02 20:24:40,631 - etl_pipeline - INFO - SUCCESS FACT_ESTADO_SERVICIO_TRANSACCIONAL
2025-06-02 20:24:40,631 - etl_pipeline - INFO - Resumen de ejecución:
2025-06-02 20:24:40,632 - etl_pipeline - INFO -   - DIM_CLIENTE    : ÉXITO
2025-06-02 20:24:40,632 - etl_pipeline - INFO -   - DIM_MENSAJERO  : ÉXITO
2025-06-02 20:24:40,632 - etl_pipeline - INFO -   - DIM_NOVEDAD    : ÉXITO
2025-06-02 20:24:40,632 - etl_pipeline - INFO -   - DIM_ESTADO_SERVICIO: ÉXITO
2025-06-02 20:24:40,633 - etl_pipeline - INFO -   - DIM_TIPO_SERVICIO: ÉXITO
2025-06-02 20:24:40,633 - etl_pipeline - INFO -   - DIM_SEDE       : ÉXITO
2025-06-02 20:24:40,633 - etl_pipeline - INFO -   - DIM_FECHA      : ÉXITO
2025-06-02 20:24:40,633 - etl_pipeline - INFO -   - DIM_HORA       : ÉXITO
2025-06-02 20:24:40,633 - etl_pipeline - INFO -   - FACT_SERVICIO  : ÉXITO
2025-06-02 20:24:40,633 - etl_pipeline - INFO -   - FACT_ESTADO_SERVICIO_TRANSACCIONAL: ÉXITO
2025-06-02 20:24:40,634 - etl_pipeline - INFO - ¡Todos los pipelines completados con éxito!
